2022-06-18 21:23:12,075 DEBUG [main] cache:45 - Couldn't find template in cache for "spark/spark.spa.ftl"("en_IN", UTF-8, parsed); will try to load it.
 2022-06-18 21:23:12,080 DEBUG [main] cache:45 - TemplateLoader.findTemplateSource("spark/spark.spa_en_IN.ftl"): Not found
 2022-06-18 21:23:12,082 DEBUG [main] cache:45 - TemplateLoader.findTemplateSource("spark/spark.spa_en.ftl"): Not found
 2022-06-18 21:23:12,085 DEBUG [main] cache:45 - TemplateLoader.findTemplateSource("spark/spark.spa.ftl"): Found
 2022-06-18 21:23:12,086 DEBUG [main] cache:45 - Loading template for "spark/spark.spa.ftl"("en_IN", UTF-8, parsed) from "jar:file:/C:/Users/hp/.m2/repository/com/aventstack/extentreports/5.0.9/extentreports-5.0.9.jar!/com/aventstack/extentreports/templates/spark/spark.spa.ftl"
 2022-06-18 21:23:12,192 DEBUG [main] cache:45 - Couldn't find template in cache for "commons/commons-variables.ftl"("en_IN", UTF-8, parsed); will try to load it.
 2022-06-18 21:23:12,193 DEBUG [main] cache:45 - TemplateLoader.findTemplateSource("commons/commons-variables_en_IN.ftl"): Not found
 2022-06-18 21:23:12,195 DEBUG [main] cache:45 - TemplateLoader.findTemplateSource("commons/commons-variables_en.ftl"): Not found
 2022-06-18 21:23:12,198 DEBUG [main] cache:45 - TemplateLoader.findTemplateSource("commons/commons-variables.ftl"): Found
 2022-06-18 21:23:12,198 DEBUG [main] cache:45 - Loading template for "commons/commons-variables.ftl"("en_IN", UTF-8, parsed) from "jar:file:/C:/Users/hp/.m2/repository/com/aventstack/extentreports/5.0.9/extentreports-5.0.9.jar!/com/aventstack/extentreports/templates/commons/commons-variables.ftl"
 2022-06-18 21:23:12,333 DEBUG [main] cache:45 - Couldn't find template in cache for "commons/commons-macros.ftl"("en_IN", UTF-8, parsed); will try to load it.
 2022-06-18 21:23:12,336 DEBUG [main] cache:45 - TemplateLoader.findTemplateSource("commons/commons-macros_en_IN.ftl"): Not found
 2022-06-18 21:23:12,337 DEBUG [main] cache:45 - TemplateLoader.findTemplateSource("commons/commons-macros_en.ftl"): Not found
 2022-06-18 21:23:12,339 DEBUG [main] cache:45 - TemplateLoader.findTemplateSource("commons/commons-macros.ftl"): Found
 2022-06-18 21:23:12,339 DEBUG [main] cache:45 - Loading template for "commons/commons-macros.ftl"("en_IN", UTF-8, parsed) from "jar:file:/C:/Users/hp/.m2/repository/com/aventstack/extentreports/5.0.9/extentreports-5.0.9.jar!/com/aventstack/extentreports/templates/commons/commons-macros.ftl"
 2022-06-18 21:23:12,353 DEBUG [main] cache:45 - Couldn't find template in cache for "spark/macros/attributes.ftl"("en_IN", UTF-8, parsed); will try to load it.
 2022-06-18 21:23:12,384 DEBUG [main] cache:45 - TemplateLoader.findTemplateSource("spark/macros/attributes_en_IN.ftl"): Not found
 2022-06-18 21:23:12,388 DEBUG [main] cache:45 - TemplateLoader.findTemplateSource("spark/macros/attributes_en.ftl"): Not found
 2022-06-18 21:23:12,389 DEBUG [main] cache:45 - TemplateLoader.findTemplateSource("spark/macros/attributes.ftl"): Found
 2022-06-18 21:23:12,390 DEBUG [main] cache:45 - Loading template for "spark/macros/attributes.ftl"("en_IN", UTF-8, parsed) from "jar:file:/C:/Users/hp/.m2/repository/com/aventstack/extentreports/5.0.9/extentreports-5.0.9.jar!/com/aventstack/extentreports/templates/spark/macros/attributes.ftl"
 2022-06-18 21:23:12,395 DEBUG [main] cache:45 - Couldn't find template in cache for "spark/macros/log.ftl"("en_IN", UTF-8, parsed); will try to load it.
 2022-06-18 21:23:12,396 DEBUG [main] cache:45 - TemplateLoader.findTemplateSource("spark/macros/log_en_IN.ftl"): Not found
 2022-06-18 21:23:12,396 DEBUG [main] cache:45 - TemplateLoader.findTemplateSource("spark/macros/log_en.ftl"): Not found
 2022-06-18 21:23:12,397 DEBUG [main] cache:45 - TemplateLoader.findTemplateSource("spark/macros/log.ftl"): Found
 2022-06-18 21:23:12,397 DEBUG [main] cache:45 - Loading template for "spark/macros/log.ftl"("en_IN", UTF-8, parsed) from "jar:file:/C:/Users/hp/.m2/repository/com/aventstack/extentreports/5.0.9/extentreports-5.0.9.jar!/com/aventstack/extentreports/templates/spark/macros/log.ftl"
 2022-06-18 21:23:12,404 DEBUG [main] cache:45 - Couldn't find template in cache for "spark/macros/recurse_nodes.ftl"("en_IN", UTF-8, parsed); will try to load it.
 2022-06-18 21:23:12,405 DEBUG [main] cache:45 - TemplateLoader.findTemplateSource("spark/macros/recurse_nodes_en_IN.ftl"): Not found
 2022-06-18 21:23:12,406 DEBUG [main] cache:45 - TemplateLoader.findTemplateSource("spark/macros/recurse_nodes_en.ftl"): Not found
 2022-06-18 21:23:12,406 DEBUG [main] cache:45 - TemplateLoader.findTemplateSource("spark/macros/recurse_nodes.ftl"): Found
 2022-06-18 21:23:12,407 DEBUG [main] cache:45 - Loading template for "spark/macros/recurse_nodes.ftl"("en_IN", UTF-8, parsed) from "jar:file:/C:/Users/hp/.m2/repository/com/aventstack/extentreports/5.0.9/extentreports-5.0.9.jar!/com/aventstack/extentreports/templates/spark/macros/recurse_nodes.ftl"
 2022-06-18 21:23:12,411 DEBUG [main] cache:45 - "spark/macros/log.ftl"("en_IN", UTF-8, parsed) cached copy not yet stale; using cached.
 2022-06-18 21:23:12,411 DEBUG [main] cache:45 - Couldn't find template in cache for "spark/macros/attr-common.ftl"("en_IN", UTF-8, parsed); will try to load it.
 2022-06-18 21:23:12,412 DEBUG [main] cache:45 - TemplateLoader.findTemplateSource("spark/macros/attr-common_en_IN.ftl"): Not found
 2022-06-18 21:23:12,413 DEBUG [main] cache:45 - TemplateLoader.findTemplateSource("spark/macros/attr-common_en.ftl"): Not found
 2022-06-18 21:23:12,414 DEBUG [main] cache:45 - TemplateLoader.findTemplateSource("spark/macros/attr-common.ftl"): Found
 2022-06-18 21:23:12,416 DEBUG [main] cache:45 - Loading template for "spark/macros/attr-common.ftl"("en_IN", UTF-8, parsed) from "jar:file:/C:/Users/hp/.m2/repository/com/aventstack/extentreports/5.0.9/extentreports-5.0.9.jar!/com/aventstack/extentreports/templates/spark/macros/attr-common.ftl"
 2022-06-18 21:23:12,427 DEBUG [main] cache:45 - Couldn't find template in cache for "spark/partials/head.ftl"("en_IN", UTF-8, parsed); will try to load it.
 2022-06-18 21:23:12,427 DEBUG [main] cache:45 - TemplateLoader.findTemplateSource("spark/partials/head_en_IN.ftl"): Not found
 2022-06-18 21:23:12,430 DEBUG [main] cache:45 - TemplateLoader.findTemplateSource("spark/partials/head_en.ftl"): Not found
 2022-06-18 21:23:12,431 DEBUG [main] cache:45 - TemplateLoader.findTemplateSource("spark/partials/head.ftl"): Found
 2022-06-18 21:23:12,431 DEBUG [main] cache:45 - Loading template for "spark/partials/head.ftl"("en_IN", UTF-8, parsed) from "jar:file:/C:/Users/hp/.m2/repository/com/aventstack/extentreports/5.0.9/extentreports-5.0.9.jar!/com/aventstack/extentreports/templates/spark/partials/head.ftl"
 2022-06-18 21:23:12,456 DEBUG [main] cache:45 - Couldn't find template in cache for "commons/commons-inject-css.ftl"("en_IN", UTF-8, parsed); will try to load it.
 2022-06-18 21:23:12,463 DEBUG [main] cache:45 - TemplateLoader.findTemplateSource("commons/commons-inject-css_en_IN.ftl"): Not found
 2022-06-18 21:23:12,464 DEBUG [main] cache:45 - TemplateLoader.findTemplateSource("commons/commons-inject-css_en.ftl"): Not found
 2022-06-18 21:23:12,466 DEBUG [main] cache:45 - TemplateLoader.findTemplateSource("commons/commons-inject-css.ftl"): Found
 2022-06-18 21:23:12,466 DEBUG [main] cache:45 - Loading template for "commons/commons-inject-css.ftl"("en_IN", UTF-8, parsed) from "jar:file:/C:/Users/hp/.m2/repository/com/aventstack/extentreports/5.0.9/extentreports-5.0.9.jar!/com/aventstack/extentreports/templates/commons/commons-inject-css.ftl"
 2022-06-18 21:23:12,467 DEBUG [main] cache:45 - Couldn't find template in cache for "spark/partials/navbar.ftl"("en_IN", UTF-8, parsed); will try to load it.
 2022-06-18 21:23:12,468 DEBUG [main] cache:45 - TemplateLoader.findTemplateSource("spark/partials/navbar_en_IN.ftl"): Not found
 2022-06-18 21:23:12,469 DEBUG [main] cache:45 - TemplateLoader.findTemplateSource("spark/partials/navbar_en.ftl"): Not found
 2022-06-18 21:23:12,470 DEBUG [main] cache:45 - TemplateLoader.findTemplateSource("spark/partials/navbar.ftl"): Found
 2022-06-18 21:23:12,470 DEBUG [main] cache:45 - Loading template for "spark/partials/navbar.ftl"("en_IN", UTF-8, parsed) from "jar:file:/C:/Users/hp/.m2/repository/com/aventstack/extentreports/5.0.9/extentreports-5.0.9.jar!/com/aventstack/extentreports/templates/spark/partials/navbar.ftl"
 2022-06-18 21:23:12,476 DEBUG [main] cache:45 - Couldn't find template in cache for "spark/partials/sidenav.ftl"("en_IN", UTF-8, parsed); will try to load it.
 2022-06-18 21:23:12,477 DEBUG [main] cache:45 - TemplateLoader.findTemplateSource("spark/partials/sidenav_en_IN.ftl"): Not found
 2022-06-18 21:23:12,478 DEBUG [main] cache:45 - TemplateLoader.findTemplateSource("spark/partials/sidenav_en.ftl"): Not found
 2022-06-18 21:23:12,481 DEBUG [main] cache:45 - TemplateLoader.findTemplateSource("spark/partials/sidenav.ftl"): Found
 2022-06-18 21:23:12,483 DEBUG [main] cache:45 - Loading template for "spark/partials/sidenav.ftl"("en_IN", UTF-8, parsed) from "jar:file:/C:/Users/hp/.m2/repository/com/aventstack/extentreports/5.0.9/extentreports-5.0.9.jar!/com/aventstack/extentreports/templates/spark/partials/sidenav.ftl"
 2022-06-18 21:23:12,497 DEBUG [main] cache:45 - Couldn't find template in cache for "spark/partials/test.ftl"("en_IN", UTF-8, parsed); will try to load it.
 2022-06-18 21:23:12,498 DEBUG [main] cache:45 - TemplateLoader.findTemplateSource("spark/partials/test_en_IN.ftl"): Not found
 2022-06-18 21:23:12,498 DEBUG [main] cache:45 - TemplateLoader.findTemplateSource("spark/partials/test_en.ftl"): Not found
 2022-06-18 21:23:12,499 DEBUG [main] cache:45 - TemplateLoader.findTemplateSource("spark/partials/test.ftl"): Found
 2022-06-18 21:23:12,500 DEBUG [main] cache:45 - Loading template for "spark/partials/test.ftl"("en_IN", UTF-8, parsed) from "jar:file:/C:/Users/hp/.m2/repository/com/aventstack/extentreports/5.0.9/extentreports-5.0.9.jar!/com/aventstack/extentreports/templates/spark/partials/test.ftl"
 2022-06-18 21:23:12,519 DEBUG [main] cache:45 - Couldn't find template in cache for "spark/partials/standard-content.ftl"("en_IN", UTF-8, parsed); will try to load it.
 2022-06-18 21:23:12,520 DEBUG [main] cache:45 - TemplateLoader.findTemplateSource("spark/partials/standard-content_en_IN.ftl"): Not found
 2022-06-18 21:23:12,521 DEBUG [main] cache:45 - TemplateLoader.findTemplateSource("spark/partials/standard-content_en.ftl"): Not found
 2022-06-18 21:23:12,523 DEBUG [main] cache:45 - TemplateLoader.findTemplateSource("spark/partials/standard-content.ftl"): Found
 2022-06-18 21:23:12,523 DEBUG [main] cache:45 - Loading template for "spark/partials/standard-content.ftl"("en_IN", UTF-8, parsed) from "jar:file:/C:/Users/hp/.m2/repository/com/aventstack/extentreports/5.0.9/extentreports-5.0.9.jar!/com/aventstack/extentreports/templates/spark/partials/standard-content.ftl"
 2022-06-18 21:23:12,531 DEBUG [main] cache:45 - Couldn't find template in cache for "spark/partials/exception.ftl"("en_IN", UTF-8, parsed); will try to load it.
 2022-06-18 21:23:12,532 DEBUG [main] cache:45 - TemplateLoader.findTemplateSource("spark/partials/exception_en_IN.ftl"): Not found
 2022-06-18 21:23:12,532 DEBUG [main] cache:45 - TemplateLoader.findTemplateSource("spark/partials/exception_en.ftl"): Not found
 2022-06-18 21:23:12,533 DEBUG [main] cache:45 - TemplateLoader.findTemplateSource("spark/partials/exception.ftl"): Found
 2022-06-18 21:23:12,533 DEBUG [main] cache:45 - Loading template for "spark/partials/exception.ftl"("en_IN", UTF-8, parsed) from "jar:file:/C:/Users/hp/.m2/repository/com/aventstack/extentreports/5.0.9/extentreports-5.0.9.jar!/com/aventstack/extentreports/templates/spark/partials/exception.ftl"
 2022-06-18 21:23:12,535 DEBUG [main] cache:45 - Couldn't find template in cache for "spark/partials/category.ftl"("en_IN", UTF-8, parsed); will try to load it.
 2022-06-18 21:23:12,536 DEBUG [main] cache:45 - TemplateLoader.findTemplateSource("spark/partials/category_en_IN.ftl"): Not found
 2022-06-18 21:23:12,537 DEBUG [main] cache:45 - TemplateLoader.findTemplateSource("spark/partials/category_en.ftl"): Not found
 2022-06-18 21:23:12,538 DEBUG [main] cache:45 - TemplateLoader.findTemplateSource("spark/partials/category.ftl"): Found
 2022-06-18 21:23:12,539 DEBUG [main] cache:45 - Loading template for "spark/partials/category.ftl"("en_IN", UTF-8, parsed) from "jar:file:/C:/Users/hp/.m2/repository/com/aventstack/extentreports/5.0.9/extentreports-5.0.9.jar!/com/aventstack/extentreports/templates/spark/partials/category.ftl"
 2022-06-18 21:23:12,540 DEBUG [main] cache:45 - Couldn't find template in cache for "spark/partials/device.ftl"("en_IN", UTF-8, parsed); will try to load it.
 2022-06-18 21:23:12,541 DEBUG [main] cache:45 - TemplateLoader.findTemplateSource("spark/partials/device_en_IN.ftl"): Not found
 2022-06-18 21:23:12,542 DEBUG [main] cache:45 - TemplateLoader.findTemplateSource("spark/partials/device_en.ftl"): Not found
 2022-06-18 21:23:12,543 DEBUG [main] cache:45 - TemplateLoader.findTemplateSource("spark/partials/device.ftl"): Found
 2022-06-18 21:23:12,543 DEBUG [main] cache:45 - Loading template for "spark/partials/device.ftl"("en_IN", UTF-8, parsed) from "jar:file:/C:/Users/hp/.m2/repository/com/aventstack/extentreports/5.0.9/extentreports-5.0.9.jar!/com/aventstack/extentreports/templates/spark/partials/device.ftl"
 2022-06-18 21:23:12,545 DEBUG [main] cache:45 - Couldn't find template in cache for "spark/partials/author.ftl"("en_IN", UTF-8, parsed); will try to load it.
 2022-06-18 21:23:12,547 DEBUG [main] cache:45 - TemplateLoader.findTemplateSource("spark/partials/author_en_IN.ftl"): Not found
 2022-06-18 21:23:12,548 DEBUG [main] cache:45 - TemplateLoader.findTemplateSource("spark/partials/author_en.ftl"): Not found
 2022-06-18 21:23:12,548 DEBUG [main] cache:45 - TemplateLoader.findTemplateSource("spark/partials/author.ftl"): Found
 2022-06-18 21:23:12,549 DEBUG [main] cache:45 - Loading template for "spark/partials/author.ftl"("en_IN", UTF-8, parsed) from "jar:file:/C:/Users/hp/.m2/repository/com/aventstack/extentreports/5.0.9/extentreports-5.0.9.jar!/com/aventstack/extentreports/templates/spark/partials/author.ftl"
 2022-06-18 21:23:12,551 DEBUG [main] cache:45 - Couldn't find template in cache for "spark/partials/log.ftl"("en_IN", UTF-8, parsed); will try to load it.
 2022-06-18 21:23:12,551 DEBUG [main] cache:45 - TemplateLoader.findTemplateSource("spark/partials/log_en_IN.ftl"): Not found
 2022-06-18 21:23:12,552 DEBUG [main] cache:45 - TemplateLoader.findTemplateSource("spark/partials/log_en.ftl"): Not found
 2022-06-18 21:23:12,552 DEBUG [main] cache:45 - TemplateLoader.findTemplateSource("spark/partials/log.ftl"): Found
 2022-06-18 21:23:12,552 DEBUG [main] cache:45 - Loading template for "spark/partials/log.ftl"("en_IN", UTF-8, parsed) from "jar:file:/C:/Users/hp/.m2/repository/com/aventstack/extentreports/5.0.9/extentreports-5.0.9.jar!/com/aventstack/extentreports/templates/spark/partials/log.ftl"
 2022-06-18 21:23:12,555 DEBUG [main] cache:45 - Couldn't find template in cache for "spark/partials/dashboard.ftl"("en_IN", UTF-8, parsed); will try to load it.
 2022-06-18 21:23:12,556 DEBUG [main] cache:45 - TemplateLoader.findTemplateSource("spark/partials/dashboard_en_IN.ftl"): Not found
 2022-06-18 21:23:12,557 DEBUG [main] cache:45 - TemplateLoader.findTemplateSource("spark/partials/dashboard_en.ftl"): Not found
 2022-06-18 21:23:12,558 DEBUG [main] cache:45 - TemplateLoader.findTemplateSource("spark/partials/dashboard.ftl"): Found
 2022-06-18 21:23:12,558 DEBUG [main] cache:45 - Loading template for "spark/partials/dashboard.ftl"("en_IN", UTF-8, parsed) from "jar:file:/C:/Users/hp/.m2/repository/com/aventstack/extentreports/5.0.9/extentreports-5.0.9.jar!/com/aventstack/extentreports/templates/spark/partials/dashboard.ftl"
 2022-06-18 21:23:12,659 DEBUG [main] cache:45 - Couldn't find template in cache for "spark/partials/scripts.ftl"("en_IN", UTF-8, parsed); will try to load it.
 2022-06-18 21:23:12,660 DEBUG [main] cache:45 - TemplateLoader.findTemplateSource("spark/partials/scripts_en_IN.ftl"): Not found
 2022-06-18 21:23:12,661 DEBUG [main] cache:45 - TemplateLoader.findTemplateSource("spark/partials/scripts_en.ftl"): Not found
 2022-06-18 21:23:12,662 DEBUG [main] cache:45 - TemplateLoader.findTemplateSource("spark/partials/scripts.ftl"): Found
 2022-06-18 21:23:12,662 DEBUG [main] cache:45 - Loading template for "spark/partials/scripts.ftl"("en_IN", UTF-8, parsed) from "jar:file:/C:/Users/hp/.m2/repository/com/aventstack/extentreports/5.0.9/extentreports-5.0.9.jar!/com/aventstack/extentreports/templates/spark/partials/scripts.ftl"
 2022-06-18 21:23:12,663 DEBUG [main] cache:45 - Couldn't find template in cache for "commons/commons-inject-js.ftl"("en_IN", UTF-8, parsed); will try to load it.
 2022-06-18 21:23:12,664 DEBUG [main] cache:45 - TemplateLoader.findTemplateSource("commons/commons-inject-js_en_IN.ftl"): Not found
 2022-06-18 21:23:12,665 DEBUG [main] cache:45 - TemplateLoader.findTemplateSource("commons/commons-inject-js_en.ftl"): Not found
 2022-06-18 21:23:12,665 DEBUG [main] cache:45 - TemplateLoader.findTemplateSource("commons/commons-inject-js.ftl"): Found
 2022-06-18 21:23:12,666 DEBUG [main] cache:45 - Loading template for "commons/commons-inject-js.ftl"("en_IN", UTF-8, parsed) from "jar:file:/C:/Users/hp/.m2/repository/com/aventstack/extentreports/5.0.9/extentreports-5.0.9.jar!/com/aventstack/extentreports/templates/commons/commons-inject-js.ftl"
 2022-06-18 21:24:29,908 DEBUG [main] cache:45 - Couldn't find template in cache for "spark/spark.spa.ftl"("en_IN", UTF-8, parsed); will try to load it.
 2022-06-18 21:24:29,912 DEBUG [main] cache:45 - TemplateLoader.findTemplateSource("spark/spark.spa_en_IN.ftl"): Not found
 2022-06-18 21:24:29,914 DEBUG [main] cache:45 - TemplateLoader.findTemplateSource("spark/spark.spa_en.ftl"): Not found
 2022-06-18 21:24:29,915 DEBUG [main] cache:45 - TemplateLoader.findTemplateSource("spark/spark.spa.ftl"): Found
 2022-06-18 21:24:29,915 DEBUG [main] cache:45 - Loading template for "spark/spark.spa.ftl"("en_IN", UTF-8, parsed) from "jar:file:/C:/Users/hp/.m2/repository/com/aventstack/extentreports/5.0.9/extentreports-5.0.9.jar!/com/aventstack/extentreports/templates/spark/spark.spa.ftl"
 2022-06-18 21:24:29,979 DEBUG [main] cache:45 - Couldn't find template in cache for "commons/commons-variables.ftl"("en_IN", UTF-8, parsed); will try to load it.
 2022-06-18 21:24:29,980 DEBUG [main] cache:45 - TemplateLoader.findTemplateSource("commons/commons-variables_en_IN.ftl"): Not found
 2022-06-18 21:24:29,981 DEBUG [main] cache:45 - TemplateLoader.findTemplateSource("commons/commons-variables_en.ftl"): Not found
 2022-06-18 21:24:29,981 DEBUG [main] cache:45 - TemplateLoader.findTemplateSource("commons/commons-variables.ftl"): Found
 2022-06-18 21:24:29,982 DEBUG [main] cache:45 - Loading template for "commons/commons-variables.ftl"("en_IN", UTF-8, parsed) from "jar:file:/C:/Users/hp/.m2/repository/com/aventstack/extentreports/5.0.9/extentreports-5.0.9.jar!/com/aventstack/extentreports/templates/commons/commons-variables.ftl"
 2022-06-18 21:24:30,129 DEBUG [main] cache:45 - Couldn't find template in cache for "commons/commons-macros.ftl"("en_IN", UTF-8, parsed); will try to load it.
 2022-06-18 21:24:30,131 DEBUG [main] cache:45 - TemplateLoader.findTemplateSource("commons/commons-macros_en_IN.ftl"): Not found
 2022-06-18 21:24:30,132 DEBUG [main] cache:45 - TemplateLoader.findTemplateSource("commons/commons-macros_en.ftl"): Not found
 2022-06-18 21:24:30,134 DEBUG [main] cache:45 - TemplateLoader.findTemplateSource("commons/commons-macros.ftl"): Found
 2022-06-18 21:24:30,134 DEBUG [main] cache:45 - Loading template for "commons/commons-macros.ftl"("en_IN", UTF-8, parsed) from "jar:file:/C:/Users/hp/.m2/repository/com/aventstack/extentreports/5.0.9/extentreports-5.0.9.jar!/com/aventstack/extentreports/templates/commons/commons-macros.ftl"
 2022-06-18 21:24:30,145 DEBUG [main] cache:45 - Couldn't find template in cache for "spark/macros/attributes.ftl"("en_IN", UTF-8, parsed); will try to load it.
 2022-06-18 21:24:30,169 DEBUG [main] cache:45 - TemplateLoader.findTemplateSource("spark/macros/attributes_en_IN.ftl"): Not found
 2022-06-18 21:24:30,169 DEBUG [main] cache:45 - TemplateLoader.findTemplateSource("spark/macros/attributes_en.ftl"): Not found
 2022-06-18 21:24:30,171 DEBUG [main] cache:45 - TemplateLoader.findTemplateSource("spark/macros/attributes.ftl"): Found
 2022-06-18 21:24:30,171 DEBUG [main] cache:45 - Loading template for "spark/macros/attributes.ftl"("en_IN", UTF-8, parsed) from "jar:file:/C:/Users/hp/.m2/repository/com/aventstack/extentreports/5.0.9/extentreports-5.0.9.jar!/com/aventstack/extentreports/templates/spark/macros/attributes.ftl"
 2022-06-18 21:24:30,188 DEBUG [main] cache:45 - Couldn't find template in cache for "spark/macros/log.ftl"("en_IN", UTF-8, parsed); will try to load it.
 2022-06-18 21:24:30,192 DEBUG [main] cache:45 - TemplateLoader.findTemplateSource("spark/macros/log_en_IN.ftl"): Not found
 2022-06-18 21:24:30,193 DEBUG [main] cache:45 - TemplateLoader.findTemplateSource("spark/macros/log_en.ftl"): Not found
 2022-06-18 21:24:30,194 DEBUG [main] cache:45 - TemplateLoader.findTemplateSource("spark/macros/log.ftl"): Found
 2022-06-18 21:24:30,195 DEBUG [main] cache:45 - Loading template for "spark/macros/log.ftl"("en_IN", UTF-8, parsed) from "jar:file:/C:/Users/hp/.m2/repository/com/aventstack/extentreports/5.0.9/extentreports-5.0.9.jar!/com/aventstack/extentreports/templates/spark/macros/log.ftl"
 2022-06-18 21:24:30,202 DEBUG [main] cache:45 - Couldn't find template in cache for "spark/macros/recurse_nodes.ftl"("en_IN", UTF-8, parsed); will try to load it.
 2022-06-18 21:24:30,203 DEBUG [main] cache:45 - TemplateLoader.findTemplateSource("spark/macros/recurse_nodes_en_IN.ftl"): Not found
 2022-06-18 21:24:30,203 DEBUG [main] cache:45 - TemplateLoader.findTemplateSource("spark/macros/recurse_nodes_en.ftl"): Not found
 2022-06-18 21:24:30,204 DEBUG [main] cache:45 - TemplateLoader.findTemplateSource("spark/macros/recurse_nodes.ftl"): Found
 2022-06-18 21:24:30,228 DEBUG [main] cache:45 - Loading template for "spark/macros/recurse_nodes.ftl"("en_IN", UTF-8, parsed) from "jar:file:/C:/Users/hp/.m2/repository/com/aventstack/extentreports/5.0.9/extentreports-5.0.9.jar!/com/aventstack/extentreports/templates/spark/macros/recurse_nodes.ftl"
 2022-06-18 21:24:30,236 DEBUG [main] cache:45 - "spark/macros/log.ftl"("en_IN", UTF-8, parsed) cached copy not yet stale; using cached.
 2022-06-18 21:24:30,236 DEBUG [main] cache:45 - Couldn't find template in cache for "spark/macros/attr-common.ftl"("en_IN", UTF-8, parsed); will try to load it.
 2022-06-18 21:24:30,237 DEBUG [main] cache:45 - TemplateLoader.findTemplateSource("spark/macros/attr-common_en_IN.ftl"): Not found
 2022-06-18 21:24:30,240 DEBUG [main] cache:45 - TemplateLoader.findTemplateSource("spark/macros/attr-common_en.ftl"): Not found
 2022-06-18 21:24:30,241 DEBUG [main] cache:45 - TemplateLoader.findTemplateSource("spark/macros/attr-common.ftl"): Found
 2022-06-18 21:24:30,241 DEBUG [main] cache:45 - Loading template for "spark/macros/attr-common.ftl"("en_IN", UTF-8, parsed) from "jar:file:/C:/Users/hp/.m2/repository/com/aventstack/extentreports/5.0.9/extentreports-5.0.9.jar!/com/aventstack/extentreports/templates/spark/macros/attr-common.ftl"
 2022-06-18 21:24:30,250 DEBUG [main] cache:45 - Couldn't find template in cache for "spark/partials/head.ftl"("en_IN", UTF-8, parsed); will try to load it.
 2022-06-18 21:24:30,251 DEBUG [main] cache:45 - TemplateLoader.findTemplateSource("spark/partials/head_en_IN.ftl"): Not found
 2022-06-18 21:24:30,252 DEBUG [main] cache:45 - TemplateLoader.findTemplateSource("spark/partials/head_en.ftl"): Not found
 2022-06-18 21:24:30,252 DEBUG [main] cache:45 - TemplateLoader.findTemplateSource("spark/partials/head.ftl"): Found
 2022-06-18 21:24:30,253 DEBUG [main] cache:45 - Loading template for "spark/partials/head.ftl"("en_IN", UTF-8, parsed) from "jar:file:/C:/Users/hp/.m2/repository/com/aventstack/extentreports/5.0.9/extentreports-5.0.9.jar!/com/aventstack/extentreports/templates/spark/partials/head.ftl"
 2022-06-18 21:24:30,258 DEBUG [main] cache:45 - Couldn't find template in cache for "commons/commons-inject-css.ftl"("en_IN", UTF-8, parsed); will try to load it.
 2022-06-18 21:24:30,261 DEBUG [main] cache:45 - TemplateLoader.findTemplateSource("commons/commons-inject-css_en_IN.ftl"): Not found
 2022-06-18 21:24:30,262 DEBUG [main] cache:45 - TemplateLoader.findTemplateSource("commons/commons-inject-css_en.ftl"): Not found
 2022-06-18 21:24:30,263 DEBUG [main] cache:45 - TemplateLoader.findTemplateSource("commons/commons-inject-css.ftl"): Found
 2022-06-18 21:24:30,263 DEBUG [main] cache:45 - Loading template for "commons/commons-inject-css.ftl"("en_IN", UTF-8, parsed) from "jar:file:/C:/Users/hp/.m2/repository/com/aventstack/extentreports/5.0.9/extentreports-5.0.9.jar!/com/aventstack/extentreports/templates/commons/commons-inject-css.ftl"
 2022-06-18 21:24:30,265 DEBUG [main] cache:45 - Couldn't find template in cache for "spark/partials/navbar.ftl"("en_IN", UTF-8, parsed); will try to load it.
 2022-06-18 21:24:30,267 DEBUG [main] cache:45 - TemplateLoader.findTemplateSource("spark/partials/navbar_en_IN.ftl"): Not found
 2022-06-18 21:24:30,268 DEBUG [main] cache:45 - TemplateLoader.findTemplateSource("spark/partials/navbar_en.ftl"): Not found
 2022-06-18 21:24:30,268 DEBUG [main] cache:45 - TemplateLoader.findTemplateSource("spark/partials/navbar.ftl"): Found
 2022-06-18 21:24:30,269 DEBUG [main] cache:45 - Loading template for "spark/partials/navbar.ftl"("en_IN", UTF-8, parsed) from "jar:file:/C:/Users/hp/.m2/repository/com/aventstack/extentreports/5.0.9/extentreports-5.0.9.jar!/com/aventstack/extentreports/templates/spark/partials/navbar.ftl"
 2022-06-18 21:24:30,276 DEBUG [main] cache:45 - Couldn't find template in cache for "spark/partials/sidenav.ftl"("en_IN", UTF-8, parsed); will try to load it.
 2022-06-18 21:24:30,278 DEBUG [main] cache:45 - TemplateLoader.findTemplateSource("spark/partials/sidenav_en_IN.ftl"): Not found
 2022-06-18 21:24:30,278 DEBUG [main] cache:45 - TemplateLoader.findTemplateSource("spark/partials/sidenav_en.ftl"): Not found
 2022-06-18 21:24:30,281 DEBUG [main] cache:45 - TemplateLoader.findTemplateSource("spark/partials/sidenav.ftl"): Found
 2022-06-18 21:24:30,282 DEBUG [main] cache:45 - Loading template for "spark/partials/sidenav.ftl"("en_IN", UTF-8, parsed) from "jar:file:/C:/Users/hp/.m2/repository/com/aventstack/extentreports/5.0.9/extentreports-5.0.9.jar!/com/aventstack/extentreports/templates/spark/partials/sidenav.ftl"
 2022-06-18 21:24:30,301 DEBUG [main] cache:45 - Couldn't find template in cache for "spark/partials/test.ftl"("en_IN", UTF-8, parsed); will try to load it.
 2022-06-18 21:24:30,303 DEBUG [main] cache:45 - TemplateLoader.findTemplateSource("spark/partials/test_en_IN.ftl"): Not found
 2022-06-18 21:24:30,305 DEBUG [main] cache:45 - TemplateLoader.findTemplateSource("spark/partials/test_en.ftl"): Not found
 2022-06-18 21:24:30,305 DEBUG [main] cache:45 - TemplateLoader.findTemplateSource("spark/partials/test.ftl"): Found
 2022-06-18 21:24:30,305 DEBUG [main] cache:45 - Loading template for "spark/partials/test.ftl"("en_IN", UTF-8, parsed) from "jar:file:/C:/Users/hp/.m2/repository/com/aventstack/extentreports/5.0.9/extentreports-5.0.9.jar!/com/aventstack/extentreports/templates/spark/partials/test.ftl"
 2022-06-18 21:24:30,353 DEBUG [main] cache:45 - Couldn't find template in cache for "spark/partials/standard-content.ftl"("en_IN", UTF-8, parsed); will try to load it.
 2022-06-18 21:24:30,355 DEBUG [main] cache:45 - TemplateLoader.findTemplateSource("spark/partials/standard-content_en_IN.ftl"): Not found
 2022-06-18 21:24:30,355 DEBUG [main] cache:45 - TemplateLoader.findTemplateSource("spark/partials/standard-content_en.ftl"): Not found
 2022-06-18 21:24:30,356 DEBUG [main] cache:45 - TemplateLoader.findTemplateSource("spark/partials/standard-content.ftl"): Found
 2022-06-18 21:24:30,356 DEBUG [main] cache:45 - Loading template for "spark/partials/standard-content.ftl"("en_IN", UTF-8, parsed) from "jar:file:/C:/Users/hp/.m2/repository/com/aventstack/extentreports/5.0.9/extentreports-5.0.9.jar!/com/aventstack/extentreports/templates/spark/partials/standard-content.ftl"
 2022-06-18 21:24:30,365 DEBUG [main] cache:45 - Couldn't find template in cache for "spark/partials/exception.ftl"("en_IN", UTF-8, parsed); will try to load it.
 2022-06-18 21:24:30,366 DEBUG [main] cache:45 - TemplateLoader.findTemplateSource("spark/partials/exception_en_IN.ftl"): Not found
 2022-06-18 21:24:30,367 DEBUG [main] cache:45 - TemplateLoader.findTemplateSource("spark/partials/exception_en.ftl"): Not found
 2022-06-18 21:24:30,367 DEBUG [main] cache:45 - TemplateLoader.findTemplateSource("spark/partials/exception.ftl"): Found
 2022-06-18 21:24:30,367 DEBUG [main] cache:45 - Loading template for "spark/partials/exception.ftl"("en_IN", UTF-8, parsed) from "jar:file:/C:/Users/hp/.m2/repository/com/aventstack/extentreports/5.0.9/extentreports-5.0.9.jar!/com/aventstack/extentreports/templates/spark/partials/exception.ftl"
 2022-06-18 21:24:30,369 DEBUG [main] cache:45 - Couldn't find template in cache for "spark/partials/category.ftl"("en_IN", UTF-8, parsed); will try to load it.
 2022-06-18 21:24:30,370 DEBUG [main] cache:45 - TemplateLoader.findTemplateSource("spark/partials/category_en_IN.ftl"): Not found
 2022-06-18 21:24:30,371 DEBUG [main] cache:45 - TemplateLoader.findTemplateSource("spark/partials/category_en.ftl"): Not found
 2022-06-18 21:24:30,372 DEBUG [main] cache:45 - TemplateLoader.findTemplateSource("spark/partials/category.ftl"): Found
 2022-06-18 21:24:30,373 DEBUG [main] cache:45 - Loading template for "spark/partials/category.ftl"("en_IN", UTF-8, parsed) from "jar:file:/C:/Users/hp/.m2/repository/com/aventstack/extentreports/5.0.9/extentreports-5.0.9.jar!/com/aventstack/extentreports/templates/spark/partials/category.ftl"
 2022-06-18 21:24:30,375 DEBUG [main] cache:45 - Couldn't find template in cache for "spark/partials/device.ftl"("en_IN", UTF-8, parsed); will try to load it.
 2022-06-18 21:24:30,376 DEBUG [main] cache:45 - TemplateLoader.findTemplateSource("spark/partials/device_en_IN.ftl"): Not found
 2022-06-18 21:24:30,377 DEBUG [main] cache:45 - TemplateLoader.findTemplateSource("spark/partials/device_en.ftl"): Not found
 2022-06-18 21:24:30,378 DEBUG [main] cache:45 - TemplateLoader.findTemplateSource("spark/partials/device.ftl"): Found
 2022-06-18 21:24:30,379 DEBUG [main] cache:45 - Loading template for "spark/partials/device.ftl"("en_IN", UTF-8, parsed) from "jar:file:/C:/Users/hp/.m2/repository/com/aventstack/extentreports/5.0.9/extentreports-5.0.9.jar!/com/aventstack/extentreports/templates/spark/partials/device.ftl"
 2022-06-18 21:24:30,380 DEBUG [main] cache:45 - Couldn't find template in cache for "spark/partials/author.ftl"("en_IN", UTF-8, parsed); will try to load it.
 2022-06-18 21:24:30,380 DEBUG [main] cache:45 - TemplateLoader.findTemplateSource("spark/partials/author_en_IN.ftl"): Not found
 2022-06-18 21:24:30,381 DEBUG [main] cache:45 - TemplateLoader.findTemplateSource("spark/partials/author_en.ftl"): Not found
 2022-06-18 21:24:30,382 DEBUG [main] cache:45 - TemplateLoader.findTemplateSource("spark/partials/author.ftl"): Found
 2022-06-18 21:24:30,382 DEBUG [main] cache:45 - Loading template for "spark/partials/author.ftl"("en_IN", UTF-8, parsed) from "jar:file:/C:/Users/hp/.m2/repository/com/aventstack/extentreports/5.0.9/extentreports-5.0.9.jar!/com/aventstack/extentreports/templates/spark/partials/author.ftl"
 2022-06-18 21:24:30,383 DEBUG [main] cache:45 - Couldn't find template in cache for "spark/partials/log.ftl"("en_IN", UTF-8, parsed); will try to load it.
 2022-06-18 21:24:30,384 DEBUG [main] cache:45 - TemplateLoader.findTemplateSource("spark/partials/log_en_IN.ftl"): Not found
 2022-06-18 21:24:30,385 DEBUG [main] cache:45 - TemplateLoader.findTemplateSource("spark/partials/log_en.ftl"): Not found
 2022-06-18 21:24:30,386 DEBUG [main] cache:45 - TemplateLoader.findTemplateSource("spark/partials/log.ftl"): Found
 2022-06-18 21:24:30,386 DEBUG [main] cache:45 - Loading template for "spark/partials/log.ftl"("en_IN", UTF-8, parsed) from "jar:file:/C:/Users/hp/.m2/repository/com/aventstack/extentreports/5.0.9/extentreports-5.0.9.jar!/com/aventstack/extentreports/templates/spark/partials/log.ftl"
 2022-06-18 21:24:30,387 DEBUG [main] cache:45 - Couldn't find template in cache for "spark/partials/dashboard.ftl"("en_IN", UTF-8, parsed); will try to load it.
 2022-06-18 21:24:30,389 DEBUG [main] cache:45 - TemplateLoader.findTemplateSource("spark/partials/dashboard_en_IN.ftl"): Not found
 2022-06-18 21:24:30,390 DEBUG [main] cache:45 - TemplateLoader.findTemplateSource("spark/partials/dashboard_en.ftl"): Not found
 2022-06-18 21:24:30,390 DEBUG [main] cache:45 - TemplateLoader.findTemplateSource("spark/partials/dashboard.ftl"): Found
 2022-06-18 21:24:30,391 DEBUG [main] cache:45 - Loading template for "spark/partials/dashboard.ftl"("en_IN", UTF-8, parsed) from "jar:file:/C:/Users/hp/.m2/repository/com/aventstack/extentreports/5.0.9/extentreports-5.0.9.jar!/com/aventstack/extentreports/templates/spark/partials/dashboard.ftl"
 2022-06-18 21:24:30,439 DEBUG [main] cache:45 - Couldn't find template in cache for "spark/partials/scripts.ftl"("en_IN", UTF-8, parsed); will try to load it.
 2022-06-18 21:24:30,440 DEBUG [main] cache:45 - TemplateLoader.findTemplateSource("spark/partials/scripts_en_IN.ftl"): Not found
 2022-06-18 21:24:30,440 DEBUG [main] cache:45 - TemplateLoader.findTemplateSource("spark/partials/scripts_en.ftl"): Not found
 2022-06-18 21:24:30,441 DEBUG [main] cache:45 - TemplateLoader.findTemplateSource("spark/partials/scripts.ftl"): Found
 2022-06-18 21:24:30,441 DEBUG [main] cache:45 - Loading template for "spark/partials/scripts.ftl"("en_IN", UTF-8, parsed) from "jar:file:/C:/Users/hp/.m2/repository/com/aventstack/extentreports/5.0.9/extentreports-5.0.9.jar!/com/aventstack/extentreports/templates/spark/partials/scripts.ftl"
 2022-06-18 21:24:30,443 DEBUG [main] cache:45 - Couldn't find template in cache for "commons/commons-inject-js.ftl"("en_IN", UTF-8, parsed); will try to load it.
 2022-06-18 21:24:30,444 DEBUG [main] cache:45 - TemplateLoader.findTemplateSource("commons/commons-inject-js_en_IN.ftl"): Not found
 2022-06-18 21:24:30,444 DEBUG [main] cache:45 - TemplateLoader.findTemplateSource("commons/commons-inject-js_en.ftl"): Not found
 2022-06-18 21:24:30,445 DEBUG [main] cache:45 - TemplateLoader.findTemplateSource("commons/commons-inject-js.ftl"): Found
 2022-06-18 21:24:30,446 DEBUG [main] cache:45 - Loading template for "commons/commons-inject-js.ftl"("en_IN", UTF-8, parsed) from "jar:file:/C:/Users/hp/.m2/repository/com/aventstack/extentreports/5.0.9/extentreports-5.0.9.jar!/com/aventstack/extentreports/templates/commons/commons-inject-js.ftl"
 